mode: set
api/features/user/services/service.go:17.45,21.2 1 1
api/features/user/services/service.go:23.82,25.16 2 1
api/features/user/services/service.go:35.2,35.94 1 1
api/features/user/services/service.go:46.2,48.27 2 1
api/features/user/services/service.go:25.16,27.49 2 1
api/features/user/services/service.go:32.3,32.42 1 1
api/features/user/services/service.go:27.49,29.4 1 1
api/features/user/services/service.go:29.9,31.4 1 0
api/features/user/services/service.go:35.94,38.3 2 1
api/features/user/services/service.go:51.72,54.16 3 1
api/features/user/services/service.go:58.2,60.16 3 1
api/features/user/services/service.go:70.2,70.17 1 1
api/features/user/services/service.go:54.16,57.3 2 0
api/features/user/services/service.go:60.16,62.50 2 1
api/features/user/services/service.go:67.3,67.38 1 1
api/features/user/services/service.go:62.50,64.4 1 0
api/features/user/services/service.go:64.9,66.4 1 1
api/features/user/services/service.go:72.71,74.13 2 1
api/features/user/services/service.go:77.2,78.16 2 1
api/features/user/services/service.go:87.2,87.17 1 1
api/features/user/services/service.go:74.13,76.3 1 1
api/features/user/services/service.go:78.16,80.49 2 1
api/features/user/services/service.go:85.3,85.38 1 1
api/features/user/services/service.go:80.49,82.4 1 1
api/features/user/services/service.go:82.9,84.4 1 1
api/features/user/services/service.go:89.92,92.16 3 1
api/features/user/services/service.go:96.2,96.17 1 1
api/features/user/services/service.go:92.16,95.3 2 1
api/features/user/services/service.go:98.57,100.17 2 1
api/features/user/services/service.go:103.2,104.16 2 1
api/features/user/services/service.go:108.2,108.12 1 1
api/features/user/services/service.go:100.17,102.3 1 1
api/features/user/services/service.go:104.16,107.3 2 1
