mode: set
api/features/book/services/service.go:16.44,21.2 1 1
api/features/book/services/service.go:23.81,25.17 2 1
api/features/book/services/service.go:38.2,39.16 2 1
api/features/book/services/service.go:49.2,49.17 1 1
api/features/book/services/service.go:25.17,27.3 1 0
api/features/book/services/service.go:39.16,41.49 2 1
api/features/book/services/service.go:46.3,46.38 1 1
api/features/book/services/service.go:41.49,43.4 1 0
api/features/book/services/service.go:43.9,45.4 1 1
api/features/book/services/service.go:52.100,56.16 3 1
api/features/book/services/service.go:65.2,65.17 1 1
api/features/book/services/service.go:56.16,58.49 2 1
api/features/book/services/service.go:63.3,63.38 1 1
api/features/book/services/service.go:58.49,60.4 1 1
api/features/book/services/service.go:60.9,62.4 1 1
api/features/book/services/service.go:68.50,70.16 2 1
api/features/book/services/service.go:79.2,79.17 1 1
api/features/book/services/service.go:70.16,72.49 2 1
api/features/book/services/service.go:77.3,77.40 1 1
api/features/book/services/service.go:72.49,74.4 1 0
api/features/book/services/service.go:74.9,76.4 1 1
api/features/book/services/service.go:83.64,86.16 3 1
api/features/book/services/service.go:95.2,95.12 1 1
api/features/book/services/service.go:86.16,88.49 2 1
api/features/book/services/service.go:93.3,93.25 1 1
api/features/book/services/service.go:88.49,90.4 1 0
api/features/book/services/service.go:90.9,92.4 1 1
api/features/book/services/service.go:98.67,100.17 2 1
api/features/book/services/service.go:103.2,104.16 2 1
api/features/book/services/service.go:113.2,113.17 1 1
api/features/book/services/service.go:100.17,102.3 1 0
api/features/book/services/service.go:104.16,106.49 2 1
api/features/book/services/service.go:111.3,111.40 1 1
api/features/book/services/service.go:106.49,108.4 1 1
api/features/book/services/service.go:108.9,110.4 1 0
